<?xml version="1.0" encoding="UTF-8"?>
<!-- Generated by org.testng.reporters.JUnitXMLReporter -->
<testsuite ignored="2" hostname="DESKTOP-3EITVAF" failures="0" tests="2" name="Test" time="0.08" errors="0" timestamp="2022-08-22T13:02:09 IST">
  <testcase classname="com.java.generic.utility.BaseClass" name="@BeforeClass configBC" time="-1.661153528983E9">
    <failure type="org.testng.TestNGException" message="
Parameter &amp;apos;Browser&amp;apos; is required by BeforeClass on method configBC but has not been marked @Optional or defined
in D:\Eclipse\eclipse_workspace\Shopping_Selenium_project\testng1.xml">
      <![CDATA[org.testng.TestNGException: 
Parameter 'Browser' is required by BeforeClass on method configBC but has not been marked @Optional or defined
in D:\Eclipse\eclipse_workspace\Shopping_Selenium_project\testng1.xml
at java.base/java.util.ArrayList.forEach(ArrayList.java:1511)
... Removed 22 stack frames]]>
    </failure>
  </testcase> <!-- @BeforeClass configBC -->
  <testcase classname="com.java.generic.utility.BaseClass" name="@AfterClass configAC" time="-1.661153529025E9">
    <skipped/>
  </testcase> <!-- @AfterClass configAC -->
  <testcase classname="com.java.generic.utility.BaseClass" name="@BeforeClass configBC" time="-1.66115352903E9">
    <failure type="org.testng.TestNGException" message="
Parameter &amp;apos;Browser&amp;apos; is required by BeforeClass on method configBC but has not been marked @Optional or defined
in D:\Eclipse\eclipse_workspace\Shopping_Selenium_project\testng1.xml">
      <![CDATA[org.testng.TestNGException: 
Parameter 'Browser' is required by BeforeClass on method configBC but has not been marked @Optional or defined
in D:\Eclipse\eclipse_workspace\Shopping_Selenium_project\testng1.xml
at java.base/java.util.ArrayList.forEach(ArrayList.java:1511)
... Removed 22 stack frames]]>
    </failure>
  </testcase> <!-- @BeforeClass configBC -->
  <testcase classname="com.java.generic.utility.BaseClass" name="@AfterClass configAC" time="-1.66115352904E9">
    <skipped/>
  </testcase> <!-- @AfterClass configAC -->
  <testcase classname="org.practiceagain.test2" name="test" time="0.0">
    <skipped/>
  </testcase> <!-- test -->
  <testcase classname="org.practiceagain.test1" name="test" time="0.0">
    <skipped/>
  </testcase> <!-- test -->
  <testcase classname="com.java.generic.utility.BaseClass" name="@AfterSuite configAS" time="0.0">
    <ignored/>
  </testcase> <!-- @AfterSuite configAS -->
  <testcase classname="com.java.generic.utility.BaseClass" name="@BeforeSuite configBS" time="0.0">
    <ignored/>
  </testcase> <!-- @BeforeSuite configBS -->
</testsuite> <!-- Test -->
